<?xml version="1.0" encoding="UTF-8"?>
<testsuite xmlns:xsi="http://www.w3.org/2001/XMLSchema-instance" xsi:noNamespaceSchemaLocation="https://maven.apache.org/surefire/maven-surefire-plugin/xsd/surefire-test-report-3.0.xsd" version="3.0" name="gr.imsi.athenarc.xtremexpvisapi.XtremexpVisApiApplicationTests" time="2.649" tests="1" errors="0" skipped="0" failures="0">
  <properties>
[...]
</properties>
  <testcase name="contextLoads" classname="gr.imsi.athenarc.xtremexpvisapi.XtremexpVisApiApplicationTests" time="0.739">
    <system-out><![CDATA[17:55:32,279 |-INFO in ch.qos.logback.classic.LoggerContext[default] - This is logback-classic version 1.4.14
17:55:32,282 |-INFO in ch.qos.logback.classic.util.ContextInitializer@6f3187b0 - Here is a list of configurators discovered as a service, by rank: 
17:55:32,282 |-INFO in ch.qos.logback.classic.util.ContextInitializer@6f3187b0 -   org.springframework.boot.logging.logback.RootLogLevelConfigurator
17:55:32,282 |-INFO in ch.qos.logback.classic.util.ContextInitializer@6f3187b0 - They will be invoked in order until ExecutionStatus.DO_NOT_INVOKE_NEXT_IF_ANY is returned.
17:55:32,282 |-INFO in ch.qos.logback.classic.util.ContextInitializer@6f3187b0 - Constructed configurator of type class org.springframework.boot.logging.logback.RootLogLevelConfigurator
17:55:32,295 |-INFO in ch.qos.logback.classic.util.ContextInitializer@6f3187b0 - org.springframework.boot.logging.logback.RootLogLevelConfigurator.configure() call lasted 0 milliseconds. ExecutionStatus=INVOKE_NEXT_IF_ANY
17:55:32,295 |-INFO in ch.qos.logback.classic.util.ContextInitializer@6f3187b0 - Trying to configure with ch.qos.logback.classic.joran.SerializedModelConfigurator
17:55:32,295 |-INFO in ch.qos.logback.classic.util.ContextInitializer@6f3187b0 - Constructed configurator of type class ch.qos.logback.classic.joran.SerializedModelConfigurator
17:55:32,298 |-INFO in ch.qos.logback.classic.LoggerContext[default] - Could NOT find resource [logback-test.scmo]
17:55:32,298 |-INFO in ch.qos.logback.classic.LoggerContext[default] - Could NOT find resource [logback.scmo]
17:55:32,298 |-INFO in ch.qos.logback.classic.util.ContextInitializer@6f3187b0 - ch.qos.logback.classic.joran.SerializedModelConfigurator.configure() call lasted 3 milliseconds. ExecutionStatus=INVOKE_NEXT_IF_ANY
17:55:32,298 |-INFO in ch.qos.logback.classic.util.ContextInitializer@6f3187b0 - Trying to configure with ch.qos.logback.classic.util.DefaultJoranConfigurator
17:55:32,298 |-INFO in ch.qos.logback.classic.util.ContextInitializer@6f3187b0 - Constructed configurator of type class ch.qos.logback.classic.util.DefaultJoranConfigurator
17:55:32,299 |-INFO in ch.qos.logback.classic.LoggerContext[default] - Could NOT find resource [logback-test.xml]
17:55:32,303 |-INFO in ch.qos.logback.classic.LoggerContext[default] - Found resource [logback.xml] at [file:/Users/vasilisstamatopoulos/Documents/Works/ATHENA/Projects/XtremeXP/Code/xtremexp-vis-api/target/classes/logback.xml]
17:55:32,382 |-INFO in ch.qos.logback.classic.model.processor.ConfigurationModelHandlerFull - Registering a new ReconfigureOnChangeTask ReconfigureOnChangeTask(born:1710518132373)
17:55:32,382 |-INFO in ch.qos.logback.classic.model.processor.ConfigurationModelHandlerFull - No 'scanPeriod' specified. Defaulting to 1 minutes
17:55:32,382 |-INFO in ch.qos.logback.classic.model.processor.ConfigurationModelHandlerFull - Will scan for changes in [file:/Users/vasilisstamatopoulos/Documents/Works/ATHENA/Projects/XtremeXP/Code/xtremexp-vis-api/target/classes/logback.xml] 
17:55:32,382 |-INFO in ch.qos.logback.classic.model.processor.ConfigurationModelHandlerFull - Setting ReconfigureOnChangeTask scanning period to 1 minutes
17:55:32,385 |-INFO in ch.qos.logback.core.model.processor.AppenderModelHandler - Processing appender named [CONSOLE]
17:55:32,386 |-INFO in ch.qos.logback.core.model.processor.AppenderModelHandler - About to instantiate appender of type [ch.qos.logback.core.ConsoleAppender]
17:55:32,409 |-WARN in ch.qos.logback.core.ConsoleAppender[CONSOLE] - This appender no longer admits a layout as a sub-component, set an encoder instead.
17:55:32,409 |-WARN in ch.qos.logback.core.ConsoleAppender[CONSOLE] - To ensure compatibility, wrapping your layout in LayoutWrappingEncoder.
17:55:32,410 |-WARN in ch.qos.logback.core.ConsoleAppender[CONSOLE] - See also http://logback.qos.ch/codes.html#layoutInsteadOfEncoder for details
17:55:32,410 |-INFO in ch.qos.logback.core.model.processor.AppenderModelHandler - Processing appender named [FILE]
17:55:32,410 |-INFO in ch.qos.logback.core.model.processor.AppenderModelHandler - About to instantiate appender of type [ch.qos.logback.core.FileAppender]
17:55:32,411 |-WARN in ch.qos.logback.core.FileAppender[FILE] - This appender no longer admits a layout as a sub-component, set an encoder instead.
17:55:32,411 |-WARN in ch.qos.logback.core.FileAppender[FILE] - To ensure compatibility, wrapping your layout in LayoutWrappingEncoder.
17:55:32,411 |-WARN in ch.qos.logback.core.FileAppender[FILE] - See also http://logback.qos.ch/codes.html#layoutInsteadOfEncoder for details
17:55:32,412 |-INFO in ch.qos.logback.core.FileAppender[FILE] - File property is set to [logs.log]
17:55:32,431 |-INFO in ch.qos.logback.classic.model.processor.LoggerModelHandler - Setting level of logger [gr.imsi.athenarc.xtremexpvisapi.XtremexpVisApiApplication] to INFO
17:55:32,431 |-INFO in ch.qos.logback.classic.model.processor.LoggerModelHandler - Setting level of logger [gr.imsi.athenarc.xtremexpvisapi.controller.VisualizationController] to DEBUG
17:55:32,431 |-INFO in ch.qos.logback.classic.model.processor.LoggerModelHandler - Setting level of logger [gr.imsi.athenarc.xtremexpvisapi.datasource.QueryExecutor] to DEBUG
17:55:32,431 |-INFO in ch.qos.logback.classic.model.processor.RootLoggerModelHandler - Setting level of ROOT logger to INFO
17:55:32,431 |-INFO in ch.qos.logback.core.model.processor.AppenderRefModelHandler - Attaching appender named [CONSOLE] to Logger[ROOT]
17:55:32,432 |-INFO in ch.qos.logback.core.model.processor.AppenderRefModelHandler - Attaching appender named [FILE] to Logger[ROOT]
17:55:32,432 |-INFO in ch.qos.logback.core.model.processor.DefaultProcessor@2663e964 - End of configuration.
17:55:32,432 |-INFO in ch.qos.logback.classic.joran.JoranConfigurator@48b67364 - Registering current configuration as safe fallback point
17:55:32,432 |-INFO in ch.qos.logback.classic.util.ContextInitializer@6f3187b0 - ch.qos.logback.classic.util.DefaultJoranConfigurator.configure() call lasted 134 milliseconds. ExecutionStatus=DO_NOT_INVOKE_NEXT_IF_ANY

17:55:32.498 [main] INFO  o.s.t.c.s.AnnotationConfigContextLoaderUtils - Could not detect default configuration classes for test class [gr.imsi.athenarc.xtremexpvisapi.XtremexpVisApiApplicationTests]: XtremexpVisApiApplicationTests does not declare any static, non-private, non-final, nested classes annotated with @Configuration.
17:55:32.586 [main] INFO  o.s.b.t.c.SpringBootTestContextBootstrapper - Found @SpringBootConfiguration gr.imsi.athenarc.xtremexpvisapi.XtremexpVisApiApplication for test class gr.imsi.athenarc.xtremexpvisapi.XtremexpVisApiApplicationTests
17:55:32,859 |-INFO in ch.qos.logback.classic.model.processor.ConfigurationModelHandlerFull - Registering a new ReconfigureOnChangeTask ReconfigureOnChangeTask(born:1710518132859)
17:55:32,859 |-INFO in ch.qos.logback.classic.model.processor.ConfigurationModelHandlerFull - No 'scanPeriod' specified. Defaulting to 1 minutes
17:55:32,859 |-INFO in ch.qos.logback.classic.model.processor.ConfigurationModelHandlerFull - Will scan for changes in [file:/Users/vasilisstamatopoulos/Documents/Works/ATHENA/Projects/XtremeXP/Code/xtremexp-vis-api/target/classes/logback.xml] 
17:55:32,859 |-INFO in ch.qos.logback.classic.model.processor.ConfigurationModelHandlerFull - Setting ReconfigureOnChangeTask scanning period to 1 minutes
17:55:32,860 |-INFO in ch.qos.logback.core.model.processor.AppenderModelHandler - Processing appender named [CONSOLE]
17:55:32,860 |-INFO in ch.qos.logback.core.model.processor.AppenderModelHandler - About to instantiate appender of type [ch.qos.logback.core.ConsoleAppender]
17:55:32,863 |-WARN in ch.qos.logback.core.ConsoleAppender[CONSOLE] - This appender no longer admits a layout as a sub-component, set an encoder instead.
17:55:32,863 |-WARN in ch.qos.logback.core.ConsoleAppender[CONSOLE] - To ensure compatibility, wrapping your layout in LayoutWrappingEncoder.
17:55:32,863 |-WARN in ch.qos.logback.core.ConsoleAppender[CONSOLE] - See also http://logback.qos.ch/codes.html#layoutInsteadOfEncoder for details
17:55:32,863 |-INFO in ch.qos.logback.core.model.processor.AppenderModelHandler - Processing appender named [FILE]
17:55:32,863 |-INFO in ch.qos.logback.core.model.processor.AppenderModelHandler - About to instantiate appender of type [ch.qos.logback.core.FileAppender]
17:55:32,864 |-WARN in ch.qos.logback.core.FileAppender[FILE] - This appender no longer admits a layout as a sub-component, set an encoder instead.
17:55:32,864 |-WARN in ch.qos.logback.core.FileAppender[FILE] - To ensure compatibility, wrapping your layout in LayoutWrappingEncoder.
17:55:32,864 |-WARN in ch.qos.logback.core.FileAppender[FILE] - See also http://logback.qos.ch/codes.html#layoutInsteadOfEncoder for details
17:55:32,864 |-INFO in ch.qos.logback.core.FileAppender[FILE] - File property is set to [logs.log]
17:55:32,864 |-INFO in ch.qos.logback.classic.model.processor.LoggerModelHandler - Setting level of logger [gr.imsi.athenarc.xtremexpvisapi.XtremexpVisApiApplication] to INFO
17:55:32,864 |-INFO in ch.qos.logback.classic.jul.LevelChangePropagator@5215cd9a - Propagating INFO level on Logger[gr.imsi.athenarc.xtremexpvisapi.XtremexpVisApiApplication] onto the JUL framework
17:55:32,865 |-INFO in ch.qos.logback.classic.model.processor.LoggerModelHandler - Setting level of logger [gr.imsi.athenarc.xtremexpvisapi.controller.VisualizationController] to DEBUG
17:55:32,865 |-INFO in ch.qos.logback.classic.jul.LevelChangePropagator@5215cd9a - Propagating DEBUG level on Logger[gr.imsi.athenarc.xtremexpvisapi.controller.VisualizationController] onto the JUL framework
17:55:32,865 |-INFO in ch.qos.logback.classic.model.processor.LoggerModelHandler - Setting level of logger [gr.imsi.athenarc.xtremexpvisapi.datasource.QueryExecutor] to DEBUG
17:55:32,865 |-INFO in ch.qos.logback.classic.jul.LevelChangePropagator@5215cd9a - Propagating DEBUG level on Logger[gr.imsi.athenarc.xtremexpvisapi.datasource.QueryExecutor] onto the JUL framework
17:55:32,865 |-INFO in ch.qos.logback.classic.model.processor.RootLoggerModelHandler - Setting level of ROOT logger to INFO
17:55:32,865 |-INFO in ch.qos.logback.classic.jul.LevelChangePropagator@5215cd9a - Propagating INFO level on Logger[ROOT] onto the JUL framework
17:55:32,865 |-INFO in ch.qos.logback.core.model.processor.AppenderRefModelHandler - Attaching appender named [CONSOLE] to Logger[ROOT]
17:55:32,865 |-INFO in ch.qos.logback.core.model.processor.AppenderRefModelHandler - Attaching appender named [FILE] to Logger[ROOT]
17:55:32,865 |-INFO in ch.qos.logback.core.model.processor.DefaultProcessor@36b6964d - End of configuration.
17:55:32,865 |-INFO in org.springframework.boot.logging.logback.SpringBootJoranConfigurator@31198ceb - Registering current configuration as safe fallback point


  .   ____          _            __ _ _
 /\\ / ___'_ __ _ _(_)_ __  __ _ \ \ \ \
( ( )\___ | '_ | '_| | '_ \/ _` | \ \ \ \
 \\/  ___)| |_)| | | | | || (_| |  ) ) ) )
  '  |____| .__|_| |_|_| |_\__, | / / / /
 =========|_|==============|___/=/_/_/_/
 :: Spring Boot ::             (v3.3.0-M1)

17:55:32.885 [background-preinit] INFO  o.h.validator.internal.util.Version - HV000001: Hibernate Validator 8.0.1.Final
17:55:32.906 [main] INFO  g.i.a.x.XtremexpVisApiApplicationTests - Starting XtremexpVisApiApplicationTests using Java 17.0.1 with PID 28500 (started by vasilisstamatopoulos in /Users/vasilisstamatopoulos/Documents/Works/ATHENA/Projects/XtremeXP/Code/xtremexp-vis-api)
17:55:32.907 [main] INFO  g.i.a.x.XtremexpVisApiApplicationTests - No active profile set, falling back to 1 default profile: "default"
17:55:34.134 [main] INFO  g.i.a.x.XtremexpVisApiApplicationTests - Started XtremexpVisApiApplicationTests in 1.452 seconds (process running for 2.473)
]]></system-out>
  </testcase>
</testsuite>